\BOOKMARK [1][-]{section.1}{1 Abstract}{}% 1
\BOOKMARK [1][-]{section.2}{2 Introduction}{}% 2
\BOOKMARK [1][-]{section.3}{3 Design goals}{}% 3
\BOOKMARK [2][-]{subsection.3.1}{3.1 User scenarios}{section.3}% 4
\BOOKMARK [2][-]{subsection.3.2}{3.2 Goals}{section.3}% 5
\BOOKMARK [1][-]{section.4}{4 Mechanical design}{}% 6
\BOOKMARK [2][-]{subsection.4.1}{4.1 Initial design}{section.4}% 7
\BOOKMARK [3][-]{subsubsection.4.1.1}{4.1.1 Gripping functionality}{subsection.4.1}% 8
\BOOKMARK [3][-]{subsubsection.4.1.2}{4.1.2 Layer detection}{subsection.4.1}% 9
\BOOKMARK [3][-]{subsubsection.4.1.3}{4.1.3 Dish containers}{subsection.4.1}% 10
\BOOKMARK [3][-]{subsubsection.4.1.4}{4.1.4 Misc. design decisions}{subsection.4.1}% 11
\BOOKMARK [2][-]{subsection.4.2}{4.2 1st iteration}{section.4}% 12
\BOOKMARK [3][-]{subsubsection.4.2.1}{4.2.1 Gripping functionality}{subsection.4.2}% 13
\BOOKMARK [3][-]{subsubsection.4.2.2}{4.2.2 Layer detection}{subsection.4.2}% 14
\BOOKMARK [3][-]{subsubsection.4.2.3}{4.2.3 Dish containers}{subsection.4.2}% 15
\BOOKMARK [3][-]{subsubsection.4.2.4}{4.2.4 Misc. design decisions}{subsection.4.2}% 16
\BOOKMARK [2][-]{subsection.4.3}{4.3 2nd iteration}{section.4}% 17
\BOOKMARK [3][-]{subsubsection.4.3.1}{4.3.1 Gripping functionality}{subsection.4.3}% 18
\BOOKMARK [3][-]{subsubsection.4.3.2}{4.3.2 Layer detection}{subsection.4.3}% 19
\BOOKMARK [3][-]{subsubsection.4.3.3}{4.3.3 Dish containers}{subsection.4.3}% 20
\BOOKMARK [3][-]{subsubsection.4.3.4}{4.3.4 Misc. design decisions}{subsection.4.3}% 21
\BOOKMARK [2][-]{subsection.4.4}{4.4 Final result}{section.4}% 22
\BOOKMARK [3][-]{subsubsection.4.4.1}{4.4.1 Gripping functionality}{subsection.4.4}% 23
\BOOKMARK [3][-]{subsubsection.4.4.2}{4.4.2 Layer detection}{subsection.4.4}% 24
\BOOKMARK [3][-]{subsubsection.4.4.3}{4.4.3 Dish containers}{subsection.4.4}% 25
\BOOKMARK [3][-]{subsubsection.4.4.4}{4.4.4 Misc. design decisions}{subsection.4.4}% 26
\BOOKMARK [1][-]{section.5}{5 Software}{}% 27
\BOOKMARK [2][-]{subsection.5.1}{5.1 Choice of controller}{section.5}% 28
\BOOKMARK [2][-]{subsection.5.2}{5.2 Firmware}{section.5}% 29
\BOOKMARK [1][-]{section.6}{6 Discussion}{}% 30
\BOOKMARK [1][-]{section.7}{7 Conclusion}{}% 31
\BOOKMARK [1][-]{section.8}{8 Acknowledgements}{}% 32
\BOOKMARK [1][-]{section*.2}{References}{}% 33
\BOOKMARK [1][-]{appendix.A}{A Final result}{}% 34
